{"name": "test_homepage_sidepanel_validation", "status": "failed", "statusDetails": {"message": "AssertionError: Page URL expected to be 'https://opensource-demo.orangehrmlive.com/web/index.php/auth/login'\nActual value: chrome-error://chromewebdata/ \nCall log:\nPageAssertions.to_have_url with timeout 4000ms\n  - waiting for locator(\":root\")\n  -   locator resolved to <html dir=\"ltr\" lang=\"en\">…</html>\n  -   unexpected value \"chrome-error://chromewebdata/\"\n  -   locator resolved to <html dir=\"ltr\" lang=\"en\">…</html>\n  -   unexpected value \"chrome-error://chromewebdata/\"\n  -   locator resolved to <html dir=\"ltr\" lang=\"en\">…</html>\n  -   unexpected value \"chrome-error://chromewebdata/\"\n  -   locator resolved to <html dir=\"ltr\" lang=\"en\">…</html>\n  -   unexpected value \"chrome-error://chromewebdata/\"\n  -   locator resolved to <html dir=\"ltr\" lang=\"en\">…</html>\n  -   unexpected value \"chrome-error://chromewebdata/\"\n  -   locator resolved to <html dir=\"ltr\" lang=\"en\">…</html>\n  -   unexpected value \"chrome-error://chromewebdata/\"\n  -   locator resolved to <html dir=\"ltr\" lang=\"en\">…</html>\n  -   unexpected value \"chrome-error://chromewebdata/\"", "trace": "def tear_down():\n        print(\"Running tear_down() after the test:\", request.node.name)\n        # Add your tear_down() logic here\n        page.locator('//li[@class=\"oxd-userdropdown\"]/span').click()\n        page.wait_for_timeout(2000)\n        page.locator(\"//a[text()='Logout']\").click()\n>       expect(page).to_have_url(os.getenv(\"base_url\"), timeout=int(os.getenv(\"medium_time_wait\")))\nE       AssertionError: Page URL expected to be 'https://opensource-demo.orangehrmlive.com/web/index.php/auth/login'\nE       Actual value: chrome-error://chromewebdata/ \nE       Call log:\nE       PageAssertions.to_have_url with timeout 4000ms\nE         - waiting for locator(\":root\")\nE         -   locator resolved to <html dir=\"ltr\" lang=\"en\">…</html>\nE         -   unexpected value \"chrome-error://chromewebdata/\"\nE         -   locator resolved to <html dir=\"ltr\" lang=\"en\">…</html>\nE         -   unexpected value \"chrome-error://chromewebdata/\"\nE         -   locator resolved to <html dir=\"ltr\" lang=\"en\">…</html>\nE         -   unexpected value \"chrome-error://chromewebdata/\"\nE         -   locator resolved to <html dir=\"ltr\" lang=\"en\">…</html>\nE         -   unexpected value \"chrome-error://chromewebdata/\"\nE         -   locator resolved to <html dir=\"ltr\" lang=\"en\">…</html>\nE         -   unexpected value \"chrome-error://chromewebdata/\"\nE         -   locator resolved to <html dir=\"ltr\" lang=\"en\">…</html>\nE         -   unexpected value \"chrome-error://chromewebdata/\"\nE         -   locator resolved to <html dir=\"ltr\" lang=\"en\">…</html>\nE         -   unexpected value \"chrome-error://chromewebdata/\"\n\nconftest.py:49: AssertionError"}, "start": 1703930367002, "stop": 1703930369086, "uuid": "8398813d-6136-441b-bda8-9ec8c7047bbd", "historyId": "49a8fc341cfbdcef65796b91e0f33cbb", "testCaseId": "49a8fc341cfbdcef65796b91e0f33cbb", "fullName": "tests.homePageSideValidation#test_homepage_sidepanel_validation", "labels": [{"name": "parentSuite", "value": "tests"}, {"name": "suite", "value": "homePageSideValidation"}, {"name": "host", "value": "Feuji-V007L-R"}, {"name": "thread", "value": "18648-MainThread"}, {"name": "framework", "value": "pytest"}, {"name": "language", "value": "cpython3"}, {"name": "package", "value": "tests.homePageSideValidation"}]}